[INFO  - 2018-04-09T14:35:58.954Z] GhostDriver - Main - running on port 57680
[INFO  - 2018-04-09T14:36:00.008Z] Session [5269bd30-3c03-11e8-9a9f-ef03e7c5e59f] - page.settings - {"XSSAuditingEnabled":false,"javascriptCanCloseWindows":true,"javascriptCanOpenWindows":true,"javascriptEnabled":true,"loadImages":true,"localToRemoteUrlAccessEnabled":false,"userAgent":"Mozilla/5.0 (Windows NT 6.2; WOW64) AppleWebKit/538.1 (KHTML, like Gecko) PhantomJS/2.1.1 Safari/538.1","webSecurityEnabled":true}
[INFO  - 2018-04-09T14:36:00.008Z] Session [5269bd30-3c03-11e8-9a9f-ef03e7c5e59f] - page.customHeaders:  - {}
[INFO  - 2018-04-09T14:36:00.008Z] Session [5269bd30-3c03-11e8-9a9f-ef03e7c5e59f] - Session.negotiatedCapabilities - {"browserName":"phantomjs","version":"2.1.1","driverName":"ghostdriver","driverVersion":"1.2.0","platform":"windows-10-32bit","javascriptEnabled":true,"takesScreenshot":true,"handlesAlerts":false,"databaseEnabled":false,"locationContextEnabled":false,"applicationCacheEnabled":false,"browserConnectionEnabled":false,"cssSelectorsEnabled":true,"webStorageEnabled":false,"rotatable":false,"acceptSslCerts":false,"nativeEvents":true,"proxy":{"proxyType":"direct"}}
[INFO  - 2018-04-09T14:36:00.008Z] SessionManagerReqHand - _postNewSessionCommand - New Session Created: 5269bd30-3c03-11e8-9a9f-ef03e7c5e59f
[ERROR - 2018-04-09T14:36:00.015Z] RouterReqHand - _handle.error - {"name":"Missing Command Parameter","message":"{\"headers\":{\"Accept\":\"application/json\",\"Accept-Encoding\":\"identity\",\"Connection\":\"close\",\"Content-Length\":\"72\",\"Content-Type\":\"application/json;charset=UTF-8\",\"Host\":\"127.0.0.1:57680\",\"User-Agent\":\"Python http auth\"},\"httpVersion\":\"1.1\",\"method\":\"POST\",\"post\":\"{\\\"pageLoad\\\": 30000, \\\"sessionId\\\": \\\"5269bd30-3c03-11e8-9a9f-ef03e7c5e59f\\\"}\",\"url\":\"/timeouts\",\"urlParsed\":{\"anchor\":\"\",\"query\":\"\",\"file\":\"timeouts\",\"directory\":\"/\",\"path\":\"/timeouts\",\"relative\":\"/timeouts\",\"port\":\"\",\"host\":\"\",\"password\":\"\",\"user\":\"\",\"userInfo\":\"\",\"authority\":\"\",\"protocol\":\"\",\"source\":\"/timeouts\",\"queryKey\":{},\"chunks\":[\"timeouts\"]},\"urlOriginal\":\"/session/5269bd30-3c03-11e8-9a9f-ef03e7c5e59f/timeouts\"}","line":546,"sourceURL":"phantomjs://code/session_request_handler.js","stack":"_postTimeout@phantomjs://code/session_request_handler.js:546:73\n_handle@phantomjs://code/session_request_handler.js:148:25\n_reroute@phantomjs://code/request_handler.js:61:20\n_handle@phantomjs://code/router_request_handler.js:78:46"}

  phantomjs://platform/console++.js:263 in error
[ERROR - 2018-04-09T14:36:05.067Z] Session [5269bd30-3c03-11e8-9a9f-ef03e7c5e59f] - page.onError - msg: Unhandled promise rejection [object Object]

  phantomjs://platform/console++.js:263 in error
[ERROR - 2018-04-09T14:36:05.067Z] Session [5269bd30-3c03-11e8-9a9f-ef03e7c5e59f] - page.onError - stack:
  (anonymous function) (https://l-stat.livejournal.net/js/??.ljlib.js?v=1522918849:10)

  phantomjs://platform/console++.js:263 in error
[ERROR - 2018-04-09T14:36:05.068Z] Session [5269bd30-3c03-11e8-9a9f-ef03e7c5e59f] - page.onError - msg: Unhandled promise rejection [object Object]

  phantomjs://platform/console++.js:263 in error
[ERROR - 2018-04-09T14:36:05.068Z] Session [5269bd30-3c03-11e8-9a9f-ef03e7c5e59f] - page.onError - stack:
  (anonymous function) (https://l-stat.livejournal.net/js/??.ljlib.js?v=1522918849:10)

  phantomjs://platform/console++.js:263 in error
[ERROR - 2018-04-09T14:36:05.068Z] Session [5269bd30-3c03-11e8-9a9f-ef03e7c5e59f] - page.onError - msg: Unhandled promise rejection [object Object]

  phantomjs://platform/console++.js:263 in error
[ERROR - 2018-04-09T14:36:05.068Z] Session [5269bd30-3c03-11e8-9a9f-ef03e7c5e59f] - page.onError - stack:
  (anonymous function) (https://l-stat.livejournal.net/js/??.ljlib.js?v=1522918849:10)

  phantomjs://platform/console++.js:263 in error
[ERROR - 2018-04-09T14:36:05.068Z] Session [5269bd30-3c03-11e8-9a9f-ef03e7c5e59f] - page.onError - msg: Unhandled promise rejection TypeError: Attempted to assign to readonly property.

  phantomjs://platform/console++.js:263 in error
[ERROR - 2018-04-09T14:36:05.068Z] Session [5269bd30-3c03-11e8-9a9f-ef03e7c5e59f] - page.onError - stack:
  (anonymous function) (https://l-stat.livejournal.net/js/??.ljlib.js?v=1522918849:10)

  phantomjs://platform/console++.js:263 in error
[ERROR - 2018-04-09T14:36:05.069Z] Session [5269bd30-3c03-11e8-9a9f-ef03e7c5e59f] - page.onError - msg: Unhandled promise rejection TypeError: Attempted to assign to readonly property.

  phantomjs://platform/console++.js:263 in error
[ERROR - 2018-04-09T14:36:05.069Z] Session [5269bd30-3c03-11e8-9a9f-ef03e7c5e59f] - page.onError - stack:
  (anonymous function) (https://l-stat.livejournal.net/js/??.ljlib.js?v=1522918849:10)

  phantomjs://platform/console++.js:263 in error
[ERROR - 2018-04-09T14:36:05.070Z] Session [5269bd30-3c03-11e8-9a9f-ef03e7c5e59f] - page.onError - msg: Unhandled promise rejection TypeError: Attempted to assign to readonly property.

  phantomjs://platform/console++.js:263 in error
[ERROR - 2018-04-09T14:36:05.070Z] Session [5269bd30-3c03-11e8-9a9f-ef03e7c5e59f] - page.onError - stack:
  (anonymous function) (https://l-stat.livejournal.net/js/??.ljlib.js?v=1522918849:10)

  phantomjs://platform/console++.js:263 in error
